<?xml version="1.0" encoding="UTF-8"?>
<!-- Generated by org.testng.reporters.JUnitXMLReporter -->
<testsuite ignored="0" hostname="Abhays-MacBook-Pro.local" failures="0" tests="4" name="Test" time="10.575" errors="0" timestamp="21 Jul 2020 18:59:33 GMT">
  <testcase classname="testcases.PostmanEchoGetTest" name="getResponseBodyValidate" time="3.748"/>
  <testcase classname="testcases.PostmanEchoGetTest" name="validateNotMatchingContent" time="4.201"/>
  <testcase classname="testcases.PostmanEchoPostTest" name="postValidationTest" time="1.325"/>
  <testcase classname="testcases.PostmanEchoPutTest" name="putValidationTest" time="1.276"/>
</testsuite> <!-- Test -->
