<?xml version="1.0" encoding="UTF-8"?>
<!-- Generated by org.testng.reporters.JUnitXMLReporter -->
<testsuite ignored="0" hostname="Abhays-MacBook-Pro.local" failures="0" tests="3" name="Test" time="13.183" errors="0" timestamp="21 Jul 2020 18:44:37 GMT">
  <testcase classname="testcases.PostmanEchoGetTest" name="getResponseBodyValidate" time="5.285"/>
  <testcase classname="testcases.PostmanEchoGetTest" name="validateNotMatchingContent" time="6.441"/>
  <testcase classname="testcases.PostmanEchoPostTest" name="postValidationTest" time="1.439"/>
</testsuite> <!-- Test -->
