<?xml version="1.0" encoding="UTF-8"?>
<testng-results ignored="0" total="2" passed="2" failed="0" skipped="0">
  <reporter-output>
  </reporter-output>
  <suite started-at="2020-07-21T16:25:18Z" name="Suite" finished-at="2020-07-21T16:25:27Z" duration-ms="8458">
    <groups>
    </groups>
    <test started-at="2020-07-21T16:25:18Z" name="Test" finished-at="2020-07-21T16:25:27Z" duration-ms="8458">
      <class name="testcases.PostmanEchoGetTest">
        <test-method signature="getResponseBodyValidate(java.lang.String, java.lang.String)[pri:0, instance:testcases.PostmanEchoGetTest@4efac082]" started-at="2020-07-21T16:25:18Z" name="getResponseBodyValidate" finished-at="2020-07-21T16:25:22Z" duration-ms="3793" status="PASS">
          <params>
            <param index="0">
              <value>
                <![CDATA[./src/test/resources/TestData.xlsx]]>
              </value>
            </param>
            <param index="1">
              <value>
                <![CDATA[FirstSheet]]>
              </value>
            </param>
          </params>
          <reporter-output>
          </reporter-output>
        </test-method> <!-- getResponseBodyValidate -->
        <test-method signature="validateNotMatchingContent(java.lang.String, java.lang.String)[pri:0, instance:testcases.PostmanEchoGetTest@4efac082]" started-at="2020-07-21T16:25:22Z" name="validateNotMatchingContent" finished-at="2020-07-21T16:25:27Z" duration-ms="4648" status="PASS">
          <params>
            <param index="0">
              <value>
                <![CDATA[./src/test/resources/TestData.xlsx]]>
              </value>
            </param>
            <param index="1">
              <value>
                <![CDATA[FirstSheet]]>
              </value>
            </param>
          </params>
          <reporter-output>
          </reporter-output>
        </test-method> <!-- validateNotMatchingContent -->
      </class> <!-- testcases.PostmanEchoGetTest -->
    </test> <!-- Test -->
  </suite> <!-- Suite -->
</testng-results>
