<?xml version="1.0" encoding="UTF-8"?>
<testng-results ignored="0" total="4" passed="4" failed="0" skipped="0">
  <reporter-output>
  </reporter-output>
  <suite started-at="2020-07-21T18:59:23Z" name="Suite" finished-at="2020-07-21T18:59:33Z" duration-ms="10575">
    <groups>
    </groups>
    <test started-at="2020-07-21T18:59:23Z" name="Test" finished-at="2020-07-21T18:59:33Z" duration-ms="10575">
      <class name="testcases.PostmanEchoPostTest">
        <test-method signature="postValidationTest()[pri:0, instance:testcases.PostmanEchoPostTest@53aac487]" started-at="2020-07-21T18:59:31Z" name="postValidationTest" finished-at="2020-07-21T18:59:32Z" duration-ms="1325" status="PASS">
          <reporter-output>
          </reporter-output>
        </test-method> <!-- postValidationTest -->
      </class> <!-- testcases.PostmanEchoPostTest -->
      <class name="testcases.PostmanEchoGetTest">
        <test-method signature="getResponseBodyValidate(java.lang.String, java.lang.String)[pri:0, instance:testcases.PostmanEchoGetTest@54e1c68b]" started-at="2020-07-21T18:59:23Z" name="getResponseBodyValidate" finished-at="2020-07-21T18:59:27Z" duration-ms="3748" status="PASS">
          <params>
            <param index="0">
              <value>
                <![CDATA[./src/test/resources/TestData.xlsx]]>
              </value>
            </param>
            <param index="1">
              <value>
                <![CDATA[FirstSheet]]>
              </value>
            </param>
          </params>
          <reporter-output>
          </reporter-output>
        </test-method> <!-- getResponseBodyValidate -->
        <test-method signature="validateNotMatchingContent(java.lang.String, java.lang.String)[pri:0, instance:testcases.PostmanEchoGetTest@54e1c68b]" started-at="2020-07-21T18:59:27Z" name="validateNotMatchingContent" finished-at="2020-07-21T18:59:31Z" duration-ms="4201" status="PASS">
          <params>
            <param index="0">
              <value>
                <![CDATA[./src/test/resources/TestData.xlsx]]>
              </value>
            </param>
            <param index="1">
              <value>
                <![CDATA[FirstSheet]]>
              </value>
            </param>
          </params>
          <reporter-output>
          </reporter-output>
        </test-method> <!-- validateNotMatchingContent -->
      </class> <!-- testcases.PostmanEchoGetTest -->
      <class name="testcases.PostmanEchoPutTest">
        <test-method signature="putValidationTest()[pri:0, instance:testcases.PostmanEchoPutTest@52b1beb6]" started-at="2020-07-21T18:59:32Z" name="putValidationTest" finished-at="2020-07-21T18:59:33Z" duration-ms="1276" status="PASS">
          <reporter-output>
          </reporter-output>
        </test-method> <!-- putValidationTest -->
      </class> <!-- testcases.PostmanEchoPutTest -->
    </test> <!-- Test -->
  </suite> <!-- Suite -->
</testng-results>
